<?xml version="1.0" encoding="UTF-8"?>
<!-- Generated by org.testng.reporters.JUnitXMLReporter -->
<testsuite ignored="0" hostname="TGCND9345R2S" failures="0" tests="4" name="Test Automation" time="83.81" errors="0" timestamp="2024-04-22T11:20:50 CLT">
  <testcase classname="test.java.carritocompras.CC_Test" name="CC_QA_Automatizacion" time="19.627"/>
  <testcase classname="test.java.carritocompras.CC_Test" name="CC_QA_Automatizacion" time="21.658"/>
  <testcase classname="test.java.carritocompras.CC_Test" name="CC_QA_Automatizacion" time="19.551"/>
  <testcase classname="test.java.carritocompras.CC_Test" name="emailReport" time="13.806"/>
</testsuite> <!-- Test Automation -->
