<?xml version="1.0" encoding="UTF-8"?>
<testng-results ignored="0" total="3" passed="3" failed="0" skipped="0">
  <reporter-output>
  </reporter-output>
  <suite started-at="2024-04-24T01:51:28 CLT" name="Sample Test Suite" finished-at="2024-04-24T01:53:00 CLT" duration-ms="91604">
    <groups>
    </groups>
    <test started-at="2024-04-24T01:51:28 CLT" name="Test Automation" finished-at="2024-04-24T01:53:00 CLT" duration-ms="91604">
      <class name="test.java.carritocompras.CC_Test">
        <test-method is-config="true" signature="beforeTestMethod()[pri:0, instance:test.java.carritocompras.CC_Test@34a3d150]" started-at="2024-04-24T01:51:28 CLT" name="beforeTestMethod" finished-at="2024-04-24T01:51:28 CLT" duration-ms="160" status="PASS">
          <reporter-output>
          </reporter-output>
        </test-method> <!-- beforeTestMethod -->
        <test-method is-config="true" signature="beforeMethodMethod(java.lang.String,java.lang.reflect.Method)[pri:0, instance:test.java.carritocompras.CC_Test@34a3d150]" started-at="2024-04-24T01:51:28 CLT" name="beforeMethodMethod" finished-at="2024-04-24T01:51:31 CLT" duration-ms="2734" status="PASS">
          <params>
            <param index="0">
              <value>
                <![CDATA[chrome]]>
              </value>
            </param>
            <param index="1">
              <value>
                <![CDATA[public void test.java.carritocompras.CC_Test.CC_QA_Automatizacion(java.lang.String[]) throws java.lang.InterruptedException]]>
              </value>
            </param>
          </params>
          <reporter-output>
          </reporter-output>
        </test-method> <!-- beforeMethodMethod -->
        <test-method signature="CC_QA_Automatizacion([Ljava.lang.String;)[pri:1, instance:test.java.carritocompras.CC_Test@34a3d150]" started-at="2024-04-24T01:51:31 CLT" name="CC_QA_Automatizacion" data-provider="Data" finished-at="2024-04-24T01:51:51 CLT" duration-ms="20127" status="PASS">
          <params>
            <param index="0">
              <value>
                <![CDATA[[Ljava.lang.String;@5f5effb0]]>
              </value>
            </param>
          </params>
          <reporter-output>
          </reporter-output>
        </test-method> <!-- CC_QA_Automatizacion -->
        <test-method is-config="true" signature="afterMethodMethod(org.testng.ITestResult)[pri:0, instance:test.java.carritocompras.CC_Test@34a3d150]" started-at="2024-04-24T01:51:51 CLT" name="afterMethodMethod" finished-at="2024-04-24T01:51:52 CLT" duration-ms="1151" status="PASS">
          <params>
            <param index="0">
              <value>
                <![CDATA[[TestResult name=CC_QA_Automatizacion status=SUCCESS method=CC_Test.CC_QA_Automatizacion([Ljava.lang.String;)[pri:1, instance:test.java.carritocompras.CC_Test@34a3d150] output={null}]]]>
              </value>
            </param>
          </params>
          <reporter-output>
          </reporter-output>
        </test-method> <!-- afterMethodMethod -->
        <test-method is-config="true" signature="beforeMethodMethod(java.lang.String,java.lang.reflect.Method)[pri:0, instance:test.java.carritocompras.CC_Test@34a3d150]" started-at="2024-04-24T01:51:52 CLT" name="beforeMethodMethod" finished-at="2024-04-24T01:51:54 CLT" duration-ms="2008" status="PASS">
          <params>
            <param index="0">
              <value>
                <![CDATA[chrome]]>
              </value>
            </param>
            <param index="1">
              <value>
                <![CDATA[public void test.java.carritocompras.CC_Test.CC_QA_Automatizacion(java.lang.String[]) throws java.lang.InterruptedException]]>
              </value>
            </param>
          </params>
          <reporter-output>
          </reporter-output>
        </test-method> <!-- beforeMethodMethod -->
        <test-method signature="CC_QA_Automatizacion([Ljava.lang.String;)[pri:1, instance:test.java.carritocompras.CC_Test@34a3d150]" started-at="2024-04-24T01:51:54 CLT" name="CC_QA_Automatizacion" data-provider="Data" finished-at="2024-04-24T01:52:16 CLT" duration-ms="22053" status="PASS">
          <params>
            <param index="0">
              <value>
                <![CDATA[[Ljava.lang.String;@25d0cb3a]]>
              </value>
            </param>
          </params>
          <reporter-output>
          </reporter-output>
        </test-method> <!-- CC_QA_Automatizacion -->
        <test-method is-config="true" signature="afterMethodMethod(org.testng.ITestResult)[pri:0, instance:test.java.carritocompras.CC_Test@34a3d150]" started-at="2024-04-24T01:52:16 CLT" name="afterMethodMethod" finished-at="2024-04-24T01:52:17 CLT" duration-ms="1085" status="PASS">
          <params>
            <param index="0">
              <value>
                <![CDATA[[TestResult name=CC_QA_Automatizacion status=SUCCESS method=CC_Test.CC_QA_Automatizacion([Ljava.lang.String;)[pri:1, instance:test.java.carritocompras.CC_Test@34a3d150] output={null}]]]>
              </value>
            </param>
          </params>
          <reporter-output>
          </reporter-output>
        </test-method> <!-- afterMethodMethod -->
        <test-method is-config="true" signature="beforeMethodMethod(java.lang.String,java.lang.reflect.Method)[pri:0, instance:test.java.carritocompras.CC_Test@34a3d150]" started-at="2024-04-24T01:52:17 CLT" name="beforeMethodMethod" finished-at="2024-04-24T01:52:19 CLT" duration-ms="1909" status="PASS">
          <params>
            <param index="0">
              <value>
                <![CDATA[chrome]]>
              </value>
            </param>
            <param index="1">
              <value>
                <![CDATA[public void test.java.carritocompras.CC_Test.CC_QA_Automatizacion(java.lang.String[]) throws java.lang.InterruptedException]]>
              </value>
            </param>
          </params>
          <reporter-output>
          </reporter-output>
        </test-method> <!-- beforeMethodMethod -->
        <test-method signature="CC_QA_Automatizacion([Ljava.lang.String;)[pri:1, instance:test.java.carritocompras.CC_Test@34a3d150]" started-at="2024-04-24T01:52:19 CLT" name="CC_QA_Automatizacion" data-provider="Data" finished-at="2024-04-24T01:52:39 CLT" duration-ms="20154" status="PASS">
          <params>
            <param index="0">
              <value>
                <![CDATA[[Ljava.lang.String;@345cbf40]]>
              </value>
            </param>
          </params>
          <reporter-output>
          </reporter-output>
        </test-method> <!-- CC_QA_Automatizacion -->
        <test-method is-config="true" signature="afterMethodMethod(org.testng.ITestResult)[pri:0, instance:test.java.carritocompras.CC_Test@34a3d150]" started-at="2024-04-24T01:52:39 CLT" name="afterMethodMethod" finished-at="2024-04-24T01:52:41 CLT" duration-ms="1068" status="PASS">
          <params>
            <param index="0">
              <value>
                <![CDATA[[TestResult name=CC_QA_Automatizacion status=SUCCESS method=CC_Test.CC_QA_Automatizacion([Ljava.lang.String;)[pri:1, instance:test.java.carritocompras.CC_Test@34a3d150] output={null}]]]>
              </value>
            </param>
          </params>
          <reporter-output>
          </reporter-output>
        </test-method> <!-- afterMethodMethod -->
        <test-method is-config="true" signature="afterTestMethod()[pri:0, instance:test.java.carritocompras.CC_Test@34a3d150]" started-at="2024-04-24T01:52:41 CLT" name="afterTestMethod" finished-at="2024-04-24T01:53:00 CLT" duration-ms="19113" status="PASS">
          <reporter-output>
          </reporter-output>
        </test-method> <!-- afterTestMethod -->
      </class> <!-- test.java.carritocompras.CC_Test -->
    </test> <!-- Test Automation -->
  </suite> <!-- Sample Test Suite -->
</testng-results>
